# JRE version: OpenJDK Runtime Environment (11.0.12+7) (build 11.0.12+7-b1504.28-7817840)
# Java VM: OpenJDK 64-Bit Server VM (11.0.12+7-b1504.28-7817840, mixed mode, tiered, compressed oops, g1 gc, windows-amd64)
Heap:
 garbage-first heap   total 649216K, used 234743K [0x0000000080000000, 0x0000000100000000)
  region size 1024K, 3 young (3072K), 3 survivors (3072K)
 Metaspace       used 149130K, capacity 153204K, committed 153472K, reserved 1183744K
  class space    used 18157K, capacity 19672K, committed 19840K, reserved 1048576K
GC Heap History (20 events):
Event: 4158.142 GC heap after
{Heap after GC invocations=163 (full 0):
 garbage-first heap   total 459776K, used 200080K [0x0000000080000000, 0x0000000100000000)
  region size 1024K, 2 young (2048K), 2 survivors (2048K)
 Metaspace       used 148034K, capacity 152111K, committed 152704K, reserved 1181696K
  class space    used 18098K, capacity 19594K, committed 19840K, reserved 1048576K
}
Event: 4159.377 GC heap before
{Heap before GC invocations=163 (full 0):
 garbage-first heap   total 459776K, used 383376K [0x0000000080000000, 0x0000000100000000)
  region size 1024K, 181 young (185344K), 2 survivors (2048K)
 Metaspace       used 148091K, capacity 152117K, committed 152704K, reserved 1181696K
  class space    used 18099K, capacity 19595K, committed 19840K, reserved 1048576K
}
Event: 4159.400 GC heap after
{Heap after GC invocations=164 (full 0):
 garbage-first heap   total 459776K, used 200794K [0x0000000080000000, 0x0000000100000000)
  region size 1024K, 2 young (2048K), 2 survivors (2048K)
 Metaspace       used 148091K, capacity 152117K, committed 152704K, reserved 1181696K
  class space    used 18099K, capacity 19595K, committed 19840K, reserved 1048576K
}
Event: 4160.947 GC heap before
{Heap before GC invocations=165 (full 0):
 garbage-first heap   total 459776K, used 383066K [0x0000000080000000, 0x0000000100000000)
  region size 1024K, 184 young (188416K), 2 survivors (2048K)
 Metaspace       used 148054K, capacity 152079K, committed 152704K, reserved 1181696K
  class space    used 18078K, capacity 19559K, committed 19840K, reserved 1048576K
}
Event: 4160.956 GC heap after
{Heap after GC invocations=166 (full 0):
 garbage-first heap   total 459776K, used 197567K [0x0000000080000000, 0x0000000100000000)
  region size 1024K, 3 young (3072K), 3 survivors (3072K)
 Metaspace       used 148054K, capacity 152079K, committed 152704K, reserved 1181696K
  class space    used 18078K, capacity 19559K, committed 19840K, reserved 1048576K
}
Event: 4161.106 GC heap before
{Heap before GC invocations=166 (full 0):
 garbage-first heap   total 459776K, used 217023K [0x0000000080000000, 0x0000000100000000)
  region size 1024K, 22 young (22528K), 3 survivors (3072K)
 Metaspace       used 148056K, capacity 152079K, committed 152704K, reserved 1181696K
  class space    used 18078K, capacity 19559K, committed 19840K, reserved 1048576K
}
Event: 4161.123 GC heap after
{Heap after GC invocations=167 (full 0):
 garbage-first heap   total 459776K, used 184126K [0x0000000080000000, 0x0000000100000000)
  region size 1024K, 2 young (2048K), 2 survivors (2048K)
 Metaspace       used 148056K, capacity 152079K, committed 152704K, reserved 1181696K
  class space    used 18078K, capacity 19559K, committed 19840K, reserved 1048576K
}
Event: 4162.258 GC heap before
{Heap before GC invocations=167 (full 0):
 garbage-first heap   total 459776K, used 292670K [0x0000000080000000, 0x0000000100000000)
  region size 1024K, 109 young (111616K), 2 survivors (2048K)
 Metaspace       used 148667K, capacity 152755K, committed 152960K, reserved 1181696K
  class space    used 18138K, capacity 19657K, committed 19840K, reserved 1048576K
}
Event: 4162.270 GC heap after
{Heap after GC invocations=168 (full 0):
 garbage-first heap   total 459776K, used 187906K [0x0000000080000000, 0x0000000100000000)
  region size 1024K, 5 young (5120K), 5 survivors (5120K)
 Metaspace       used 148667K, capacity 152755K, committed 152960K, reserved 1181696K
  class space    used 18138K, capacity 19657K, committed 19840K, reserved 1048576K
}
Event: 4163.169 GC heap before
{Heap before GC invocations=169 (full 0):
 garbage-first heap   total 459776K, used 387586K [0x0000000080000000, 0x0000000100000000)
  region size 1024K, 198 young (202752K), 5 survivors (5120K)
 Metaspace       used 148972K, capacity 153051K, committed 153472K, reserved 1183744K
  class space    used 18142K, capacity 19665K, committed 19840K, reserved 1048576K
}
Event: 4163.197 GC heap after
{Heap after GC invocations=170 (full 0):
 garbage-first heap   total 459776K, used 206262K [0x0000000080000000, 0x0000000100000000)
  region size 1024K, 22 young (22528K), 22 survivors (22528K)
 Metaspace       used 148972K, capacity 153051K, committed 153472K, reserved 1183744K
  class space    used 18142K, capacity 19665K, committed 19840K, reserved 1048576K
}
Event: 4163.200 GC heap before
{Heap before GC invocations=170 (full 0):
 garbage-first heap   total 459776K, used 207286K [0x0000000080000000, 0x0000000100000000)
  region size 1024K, 23 young (23552K), 22 survivors (22528K)
 Metaspace       used 148972K, capacity 153051K, committed 153472K, reserved 1183744K
  class space    used 18142K, capacity 19665K, committed 19840K, reserved 1048576K
}
Event: 4163.236 GC heap after
{Heap after GC invocations=171 (full 0):
 garbage-first heap   total 459776K, used 203579K [0x0000000080000000, 0x0000000100000000)
  region size 1024K, 3 young (3072K), 3 survivors (3072K)
 Metaspace       used 148972K, capacity 153051K, committed 153472K, reserved 1183744K
  class space    used 18142K, capacity 19665K, committed 19840K, reserved 1048576K
}
Event: 4163.611 GC heap before
{Heap before GC invocations=171 (full 0):
 garbage-first heap   total 459776K, used 380731K [0x0000000080000000, 0x0000000100000000)
  region size 1024K, 177 young (181248K), 3 survivors (3072K)
 Metaspace       used 149050K, capacity 153121K, committed 153472K, reserved 1183744K
  class space    used 18148K, capacity 19665K, committed 19840K, reserved 1048576K
}
Event: 4163.713 GC heap after
{Heap after GC invocations=172 (full 0):
 garbage-first heap   total 459776K, used 225894K [0x0000000080000000, 0x0000000100000000)
  region size 1024K, 23 young (23552K), 23 survivors (23552K)
 Metaspace       used 149050K, capacity 153121K, committed 153472K, reserved 1183744K
  class space    used 18148K, capacity 19665K, committed 19840K, reserved 1048576K
}
Event: 4164.197 GC heap before
{Heap before GC invocations=172 (full 0):
 garbage-first heap   total 459776K, used 373350K [0x0000000080000000, 0x0000000100000000)
  region size 1024K, 170 young (174080K), 23 survivors (23552K)
 Metaspace       used 149069K, capacity 153111K, committed 153472K, reserved 1183744K
  class space    used 18147K, capacity 19663K, committed 19840K, reserved 1048576K
}
Event: 4164.243 GC heap after
{Heap after GC invocations=173 (full 0):
 garbage-first heap   total 459776K, used 235655K [0x0000000080000000, 0x0000000100000000)
  region size 1024K, 14 young (14336K), 14 survivors (14336K)
 Metaspace       used 149069K, capacity 153111K, committed 153472K, reserved 1183744K
  class space    used 18147K, capacity 19663K, committed 19840K, reserved 1048576K
}
Event: 4164.572 GC heap before
{Heap before GC invocations=174 (full 0):
 garbage-first heap   total 459776K, used 376967K [0x0000000080000000, 0x0000000100000000)
  region size 1024K, 153 young (156672K), 14 survivors (14336K)
 Metaspace       used 149129K, capacity 153204K, committed 153472K, reserved 1183744K
  class space    used 18157K, capacity 19672K, committed 19840K, reserved 1048576K
}
Event: 4164.635 GC heap after
{Heap after GC invocations=175 (full 0):
 garbage-first heap   total 459776K, used 248163K [0x0000000080000000, 0x0000000100000000)
  region size 1024K, 14 young (14336K), 14 survivors (14336K)
 Metaspace       used 149129K, capacity 153204K, committed 153472K, reserved 1183744K
  class space    used 18157K, capacity 19672K, committed 19840K, reserved 1048576K
}
Event: 4164.661 GC heap before
{Heap before GC invocations=175 (full 0):
 garbage-first heap   total 459776K, used 256355K [0x0000000080000000, 0x0000000100000000)
  region size 1024K, 22 young (22528K), 14 survivors (14336K)
 Metaspace       used 149130K, capacity 153204K, committed 153472K, reserved 1183744K
  class space    used 18157K, capacity 19672K, committed 19840K, reserved 1048576K
}

